2025-10-15 20:51:18.991 INFO  c.k.k.m.services.WindowsMachineService   - Start getting machine ID on Windows
2025-10-15 20:51:19.052 INFO  c.k.k.m.services.WindowsMachineService   - End getting machine ID on Windows bc88e45dee562ef570f45b9a923be036
Warning: NLS unused message: QTEST in: com.kms.katalon.constants.globalMessages
Warning: NLS missing message: QTEST_NAME in: com.kms.katalon.constants.globalMessages
Warning: NLS unused message: TOKEN_EXPIRED_MESSAGE in: com.kms.katalon.application.constants.applicationMessageConstants
Warning: NLS unused message: TESTING_LICENSE_WITH_FILENAME_CORRECT in: com.kms.katalon.application.constants.applicationMessageConstants
Warning: NLS unused message: TESTING_LICENSE_WITH_FILENAME_INCORRECT in: com.kms.katalon.application.constants.applicationMessageConstants
Warning: NLS unused message: TESTING_LICENSE_MACHINE_ID_INCORRECT in: com.kms.katalon.application.constants.applicationMessageConstants
katalon.versionNumber=10.3.1
katalon.buildNumber=223
Warning: NLS missing message: MSG_RP_ERROR_RESULT_QUOTA_EXEEDED in: com.kms.katalon.execution.constants.executionMessages
Warning: NLS missing message: ConsoleMain_MSG_DEVOPS_LICENSE_COMPATIBILITY in: com.kms.katalon.execution.constants.executionMessages
Warning: NLS missing message: ConsoleMain_MSG_NON_DEVOPS_LICENSE_COMPATIBLITY in: com.kms.katalon.execution.constants.executionMessages
Activating...
Start activating offline...
Search for valid offline licenses in folder: C:\WINDOWS\system32\config\systemprofile\.katalon\license
The number of valid offline licenses: 0


INFO: Katalon Version: 10.3.1
INFO: Command-line arguments: -runMode=console -projectPath=C:\Users\admin\Katalon Studio\katalon-git\katalon-git.prj -retry=0 -testSuitePath=Test Suites/runtime -browserType=Web Service -executionProfile=default -apiKey=******** --config -proxy.auth.option=NO_PROXY -proxy.system.option=NO_PROXY -proxy.system.applyToDesiredCapabilities=true -webui.autoUpdateDrivers=true
INFO: User working dir: C:\Users\admin\Desktop\katalon-cli
INFO: Error log: C:/Windows/Temp/session-dab3633b/.metadata/.log
INFO: Katalon KatOne server URL: https://admin.katalon.com
INFO: Katalon TestOps server URL: https://testops.katalon.io
INFO: Katalon Store server URL: https://store.katalon.com
INFO: User home: C:\WINDOWS\system32\config\systemprofile
INFO: Java vendor: Eclipse Adoptium
INFO: Java version: 17.0.14
INFO: Local OS: Windows 11 64bit
INFO: CPU load: 25%
INFO: Total memory: 16103 MB
INFO: Free memory: 3520 MB
Start getting machine ID on Windows
Start appending additional signatures
End appending additional signatures b8191dce-9cb0-437e-a6c5-8c056f39870a__system
End getting machine ID on Windows bc88e45dee562ef570f45b9a923be036
INFO: Machine ID: bc88e45dee562ef570f45b9a923be036


Failed to activate with TestCloud license. Failed to get organization or project info
Failed to activate with TestCloud license. Failed to get organization or project info
Activated successfully with Katalon Runtime Engine license. 
Failed to activate with TestCloud license. 
Latest plugins response: []

Wed Oct 15 20:51:40 ICT 2025
com.kms.katalon.testops.core.model.exception.TestOpsException
	at com.kms.katalon.testops.services.TestOpsManager.getOrganizationSetting(TestOpsManager.java:446)
	at com.kms.katalon.testops.services.TestOpsController.getOrganizationSetting(TestOpsController.java:173)
	at com.kms.katalon.integration.analytics.report.AnalyticsReportIntegration.fetchRemoteSettings(AnalyticsReportIntegration.java:268)
	at com.kms.katalon.execution.launcher.ReportableLauncher.onStartExecution(ReportableLauncher.java:166)
	at com.kms.katalon.execution.launcher.ConsoleLauncher.onStartExecution(ConsoleLauncher.java:241)
	at com.kms.katalon.execution.launcher.ProcessLauncher.start(ProcessLauncher.java:142)
	at com.kms.katalon.execution.launcher.manager.LauncherManager.schedule(LauncherManager.java:224)
	at com.kms.katalon.execution.launcher.manager.LauncherManager.addLauncher(LauncherManager.java:50)
	at com.kms.katalon.execution.console.ConsoleExecutor.execute(ConsoleExecutor.java:90)
	at com.kms.katalon.console.strategy.ExecutionModeStrategy.execute(ExecutionModeStrategy.java:96)
	at com.kms.katalon.console.application.ConsoleMain.launch(ConsoleMain.java:138)
	at com.kms.katalon.console.application.ConsoleApplicationStarter.start(ConsoleApplicationStarter.java:47)
	at com.kms.katalon.application.Application.runConsole(Application.java:154)
	at com.kms.katalon.application.Application.start(Application.java:114)
	at org.eclipse.equinox.internal.app.EclipseAppHandle.run(EclipseAppHandle.java:208)
	at org.eclipse.core.runtime.internal.adaptor.EclipseAppLauncher.runApplication(EclipseAppLauncher.java:143)
	at org.eclipse.core.runtime.internal.adaptor.EclipseAppLauncher.start(EclipseAppLauncher.java:109)
	at org.eclipse.core.runtime.adaptor.EclipseStarter.run(EclipseStarter.java:439)
	at org.eclipse.core.runtime.adaptor.EclipseStarter.run(EclipseStarter.java:271)
	at java.base/jdk.internal.reflect.NativeMethodAccessorImpl.invoke0(Native Method)
	at java.base/jdk.internal.reflect.NativeMethodAccessorImpl.invoke(NativeMethodAccessorImpl.java:77)
	at java.base/jdk.internal.reflect.DelegatingMethodAccessorImpl.invoke(DelegatingMethodAccessorImpl.java:43)
	at java.base/java.lang.reflect.Method.invoke(Method.java:569)
	at org.eclipse.equinox.launcher.Main.invokeFramework(Main.java:668)
	at org.eclipse.equinox.launcher.Main.basicRun(Main.java:605)
	at org.eclipse.equinox.launcher.Main.run(Main.java:1481)


INFO: KATALON_JAVA_HOME: null
Process 8148 not found
Launcher status after execution process completed: Running
Start writing execution.uuid file to folder: C:\Users\admin\Katalon Studio\katalon-git\Reports\20251015_205138\runtime\20251015_205139
Start generating JUnit report folder at: C:\Users\admin\Katalon Studio\katalon-git\Reports\20251015_205138\runtime\20251015_205139...
JUnit report were generated
Start generating HTML report at folder: C:\Users\admin\Katalon Studio\katalon-git\Reports\20251015_205138\runtime\20251015_205139...
HTML report generated
Start generating CSV report folder at: C:\Users\admin\Katalon Studio\katalon-git\Reports\20251015_205138\runtime\20251015_205139...
CSV report generated
Execution completed. Exit code: 0.
Start clean up session
End clean up session
2025-10-15 20:51:55.447 INFO  c.k.k.session.services.SessionManager    - Start release license task
2025-10-15 20:51:56.264 INFO  c.k.k.session.services.SessionManager    - End release license task
All launchers terminated
